\BOOKMARK [0][]{chapter.1}{\376\377\000I\000n\000t\000r\000o\000d\000u\000z\000i\000o\000n\000e\000\040\000a\000l\000l\000a\000\040\000R\000e\000t\000u\000r\000n\000\040\000O\000r\000i\000e\000n\000t\000e\000d\000\040\000P\000r\000o\000g\000r\000a\000m\000m\000i\000n\000g}{}% 1
\BOOKMARK [1][]{section.1.1}{\376\377\000C\000o\000n\000c\000e\000t\000t\000i\000\040\000f\000o\000n\000d\000a\000m\000e\000n\000t\000a\000l\000i\000\040\000p\000e\000r\000\040\000l\000'\000a\000p\000p\000l\000i\000c\000a\000z\000i\000o\000n\000e}{chapter.1}% 2
\BOOKMARK [2][]{subsection.1.1.1}{\376\377\000L\000'\000a\000r\000c\000h\000i\000t\000e\000t\000t\000u\000r\000a\000\040\000d\000e\000l\000\040\000p\000r\000o\000c\000e\000s\000s\000o\000r\000e}{section.1.1}% 3
\BOOKMARK [2][]{subsection.1.1.2}{\376\377\000L\000a\000\040\000s\000e\000z\000i\000o\000n\000e\000\040\000d\000i\000\040\000m\000e\000m\000o\000r\000i\000a\000\040\000s\000t\000a\000c\000k}{section.1.1}% 4
\BOOKMARK [2][]{subsection.1.1.3}{\376\377\000I\000\040\000r\000e\000g\000i\000s\000t\000r\000i\000\040\000d\000e\000l\000\040\000p\000r\000o\000c\000e\000s\000s\000o\000r\000e}{section.1.1}% 5
\BOOKMARK [1][]{section.1.2}{\376\377\000F\000u\000n\000z\000i\000o\000n\000a\000m\000e\000n\000t\000o\000\040\000d\000e\000l\000l\000a\000\040\000t\000e\000c\000n\000i\000c\000a}{chapter.1}% 6
\BOOKMARK [2][]{subsection.1.2.1}{\376\377\000I\000\040\000g\000a\000d\000g\000e\000t\000s}{section.1.2}% 7
\BOOKMARK [0][]{chapter.2}{\376\377\000V\000u\000l\000n\000e\000r\000a\000b\000i\000l\000i\000t\000\340\000\040\000s\000f\000r\000u\000t\000t\000a\000b\000i\000l\000i\000\040\000d\000a\000l\000l\000a\000\040\000R\000O\000P\000\040\000e\000\040\000d\000i\000f\000e\000s\000e}{}% 8
\BOOKMARK [1][]{section.2.1}{\376\377\000V\000u\000l\000n\000e\000r\000a\000b\000i\000l\000i\000t\000\340\000\040\000c\000r\000i\000t\000i\000c\000h\000e\000\040\000a\000l\000l\000'\000i\000n\000t\000e\000r\000n\000o\000\040\000d\000e\000i\000\040\000c\000o\000d\000i\000c\000i}{chapter.2}% 9
\BOOKMARK [2][]{subsection.2.1.1}{\376\377\000S\000t\000a\000c\000k\000-\000b\000a\000s\000e\000d\000\040\000b\000u\000f\000f\000e\000r\000\040\000o\000v\000e\000r\000f\000l\000o\000w}{section.2.1}% 10
\BOOKMARK [2][]{subsection.2.1.2}{\376\377\000F\000o\000r\000m\000a\000t\000\040\000s\000t\000r\000i\000n\000g}{section.2.1}% 11
\BOOKMARK [1][]{section.2.2}{\376\377\000D\000i\000f\000e\000s\000e\000\040\000s\000u\000p\000e\000r\000a\000b\000i\000l\000i\000\040\000d\000a\000l\000l\000a\000\040\000R\000O\000P}{chapter.2}% 12
\BOOKMARK [2][]{subsection.2.2.1}{\376\377\000W\000X\000\040\000\050\000W\000-\000x\000o\000r\000-\000X\000\051}{section.2.2}% 13
\BOOKMARK [2][]{subsection.2.2.2}{\376\377\000A\000S\000L\000R\000\040\000\050\000A\000d\000d\000r\000e\000s\000s\000\040\000S\000p\000a\000c\000e\000\040\000L\000a\000y\000o\000u\000t\000\040\000R\000a\000n\000d\000o\000m\000i\000z\000a\000t\000i\000o\000n\000\051}{section.2.2}% 14
\BOOKMARK [0][]{chapter.3}{\376\377\000T\000e\000c\000n\000i\000c\000h\000e\000\040\000d\000i\000\040\000A\000t\000t\000a\000c\000c\000o\000\040\000u\000s\000a\000n\000d\000o\000\040\000l\000a\000\040\000R\000O\000P\000\040\000e\000\040\000p\000o\000s\000s\000i\000b\000i\000l\000i\000\040\000m\000i\000t\000i\000g\000a\000t\000i\000o\000n}{}% 15
\BOOKMARK [1][]{section.3.1}{\376\377\000A\000t\000t\000a\000c\000c\000o\000\040\000g\000e\000n\000e\000r\000i\000c\000o\000\040\000u\000s\000a\000n\000d\000o\000\040\000l\000a\000\040\000R\000O\000P\000\040\000e\000\040\000g\000e\000s\000t\000e\000n\000d\000o\000\040\000i\000\040\000b\000a\000d\000\040\000c\000h\000a\000r\000s}{chapter.3}% 16
\BOOKMARK [1][]{section.3.2}{\376\377\000A\000t\000t\000a\000c\000c\000o\000\040\000e\000f\000f\000e\000t\000t\000u\000a\000n\000d\000o\000\040\000i\000l\000\040\000d\000i\000r\000o\000t\000t\000a\000m\000e\000n\000t\000o\000\040\000d\000e\000l\000l\000o\000\040\000s\000t\000a\000c\000k\000\040\000\050\000s\000t\000a\000c\000k\000\040\000p\000i\000v\000o\000t\000i\000n\000g\000\051}{chapter.3}% 17
\BOOKMARK [1][]{section.3.3}{\376\377\000A\000t\000t\000a\000c\000c\000h\000i\000\040\000s\000f\000r\000u\000t\000t\000a\000n\000d\000o\000\040\000l\000e\000\040\000l\000i\000b\000r\000e\000r\000i\000e\000\040\000c\000o\000l\000l\000e\000g\000a\000t\000e}{chapter.3}% 18
\BOOKMARK [2][]{subsection.3.3.1}{\376\377\000A\000t\000t\000a\000c\000c\000h\000i\000\040\000c\000o\000n\000o\000s\000c\000e\000n\000d\000o\000\040\000l\000a\000\040\000l\000i\000b\000r\000e\000r\000i\000a\000\040\000c\000o\000l\000l\000e\000g\000a\000t\000a}{section.3.3}% 19
\BOOKMARK [2][]{subsection.3.3.2}{\376\377\000A\000t\000t\000a\000c\000c\000o\000\040\000n\000o\000n\000\040\000c\000o\000n\000o\000s\000c\000e\000n\000d\000o\000\040\000l\000a\000\040\000v\000e\000r\000s\000i\000o\000n\000e\000\040\000d\000e\000l\000l\000a\000\040\000l\000i\000b\000c\000\040\000c\000o\000l\000l\000e\000g\000a\000t\000a}{section.3.3}% 20
\BOOKMARK [1][]{section.3.4}{\376\377\000A\000t\000t\000a\000c\000c\000o\000\040\000u\000t\000i\000l\000i\000z\000z\000a\000n\000d\000o\000\040\000l\000a\000\040\000f\000u\000n\000z\000i\000o\000n\000e\000\040\000\137\000\137\000l\000i\000b\000c\000\137\000c\000s\000u\000\137\000i\000n\000i\000t\000\050\000\051}{chapter.3}% 21
\BOOKMARK [1][]{section.3.5}{\376\377\000A\000t\000t\000a\000c\000c\000o\000\040\000c\000o\000n\000\040\000b\000y\000p\000a\000s\000s\000\040\000d\000e\000l\000l\000o\000\040\000`\000`\000s\000t\000a\000c\000k\000\040\000c\000a\000n\000a\000r\000y\000'\000'}{chapter.3}% 22
\BOOKMARK [1][]{section.3.6}{\376\377\000M\000i\000t\000i\000g\000a\000t\000i\000o\000n\000\040\000a\000l\000l\000a\000\040\000R\000e\000t\000u\000r\000n\000\040\000O\000r\000i\000e\000n\000t\000e\000d\000\040\000P\000r\000o\000g\000r\000a\000m\000m\000i\000n\000g}{chapter.3}% 23
\BOOKMARK [0][]{chapter.4}{\376\377\000T\000e\000s\000t\000i\000n\000g\000\040\000d\000e\000g\000l\000i\000\040\000a\000t\000t\000a\000c\000c\000h\000i}{}% 24
\BOOKMARK [1][]{section.4.1}{\376\377\000I\000n\000t\000r\000o\000d\000u\000z\000i\000o\000n\000e\000\040\000a\000l\000\040\000s\000e\000t\000u\000p\000\040\000e\000\040\000g\000l\000i\000\040\000s\000t\000r\000u\000m\000e\000n\000t\000i\000\040\000u\000t\000i\000l\000i\000z\000z\000a\000t\000i\000\040\000p\000e\000r\000\040\000e\000f\000f\000e\000t\000t\000u\000a\000r\000e\000\040\000i\000\040\000t\000e\000s\000t}{chapter.4}% 25
\BOOKMARK [1][]{section.4.2}{\376\377\000T\000e\000s\000t\000\040\000a\000t\000t\000a\000c\000c\000o\000\040\000g\000e\000n\000e\000r\000i\000c\000o\000\040\000R\000e\000t\000u\000r\000n\000\040\000O\000r\000i\000e\000n\000t\000e\000d\000\040\000P\000r\000o\000g\000r\000a\000m\000m\000i\000n\000g}{chapter.4}% 26
\BOOKMARK [1][]{section.4.3}{\376\377\000T\000e\000s\000t\000\040\000S\000t\000a\000c\000k\000\040\000p\000i\000v\000o\000t\000i\000n\000g}{chapter.4}% 27
\BOOKMARK [1][]{section.4.4}{\376\377\000T\000e\000s\000t\000\040\000s\000u\000\040\000l\000i\000b\000r\000e\000r\000i\000e\000\040\000c\000o\000l\000l\000e\000g\000a\000t\000e}{chapter.4}% 28
\BOOKMARK [2][]{subsection.4.4.1}{\376\377\000R\000e\000t\000u\000r\000n\000-\000t\000o\000-\000P\000L\000T}{section.4.4}% 29
\BOOKMARK [2][]{subsection.4.4.2}{\376\377\000R\000e\000t\000u\000r\000n\000-\000t\000o\000-\000G\000O\000T}{section.4.4}% 30
\BOOKMARK [2][]{subsection.4.4.3}{\376\377\000R\000e\000t\000u\000r\000n\000-\000t\000o\000-\000l\000i\000b\000c\000\040\000c\000o\000n\000\040\000r\000e\000c\000u\000p\000e\000r\000o\000\040\000v\000e\000r\000s\000i\000o\000n\000e}{section.4.4}% 31
\BOOKMARK [1][]{section.4.5}{\376\377\000T\000e\000s\000t\000\040\000R\000e\000t\000u\000r\000n\000-\000t\000o\000-\000c\000s\000u}{chapter.4}% 32
\BOOKMARK [1][]{section.4.6}{\376\377\000T\000e\000s\000t\000\040\000b\000y\000p\000a\000s\000s\000\040\000d\000e\000l\000\040\000"\000C\000a\000n\000a\000r\000y\000"}{chapter.4}% 33
\BOOKMARK [0][]{chapter.5}{\376\377\000C\000o\000n\000c\000l\000u\000s\000i\000o\000n\000i}{}% 34
\BOOKMARK [0][]{section*.32}{\376\377\000R\000i\000f\000e\000r\000i\000m\000e\000n\000t\000i\000\040\000b\000i\000b\000l\000i\000o\000g\000r\000a\000f\000i\000c\000i}{}% 35
